1527578553842	geckodriver	INFO	geckodriver 0.20.1
1527578553848	geckodriver	INFO	Listening on 127.0.0.1:64650
1527578554865	mozrunner::runner	INFO	Running command: "/Applications/Firefox.app/Contents/MacOS/firefox-bin" "-marionette" "--headless" "-profile" "/var/folders/r8/bd5fkqr171n09jzxfkwsknlh0000gn/T/rust_mozprofile.cMoR085oIJmV"
*** You are running in headless mode.
2018-05-29 09:22:36.321 plugin-container[46761:4564427] *** CFMessagePort: bootstrap_register(): failed 1100 (0x44c) 'Permission denied', port = 0x783f, name = 'com.apple.tsm.portname'
See /usr/include/servers/bootstrap_defs.h for the error codes.
1527578556683	Marionette	INFO	Listening on port 64661
1527578556762	Marionette	WARN	TLS certificate errors will be ignored for this session
2018-05-29 09:22:37.247 plugin-container[46763:4564549] *** CFMessagePort: bootstrap_register(): failed 1100 (0x44c) 'Permission denied', port = 0x773f, name = 'com.apple.tsm.portname'
See /usr/include/servers/bootstrap_defs.h for the error codes.
*** UTM:SVC TimerManager:registerTimer called after profile-before-change notification. Ignoring timer registration for id: telemetry_modules_ping
1527578570702	geckodriver	INFO	geckodriver 0.20.1
1527578570709	geckodriver	INFO	Listening on 127.0.0.1:64719
1527578571718	mozrunner::runner	INFO	Running command: "/Applications/Firefox.app/Contents/MacOS/firefox-bin" "-marionette" "--headless" "-profile" "/var/folders/r8/bd5fkqr171n09jzxfkwsknlh0000gn/T/rust_mozprofile.Cv5ohIcQ22nQ"
*** You are running in headless mode.
2018-05-29 09:22:52.968 plugin-container[46843:4566561] *** CFMessagePort: bootstrap_register(): failed 1100 (0x44c) 'Permission denied', port = 0x883f, name = 'com.apple.tsm.portname'
See /usr/include/servers/bootstrap_defs.h for the error codes.
1527578573271	Marionette	INFO	Listening on port 64726
1527578573294	Marionette	WARN	TLS certificate errors will be ignored for this session
2018-05-29 09:22:53.877 plugin-container[46844:4566684] *** CFMessagePort: bootstrap_register(): failed 1100 (0x44c) 'Permission denied', port = 0x723f, name = 'com.apple.tsm.portname'
See /usr/include/servers/bootstrap_defs.h for the error codes.
*** UTM:SVC TimerManager:registerTimer called after profile-before-change notification. Ignoring timer registration for id: telemetry_modules_ping
1527578582116	geckodriver	INFO	geckodriver 0.20.1
1527578582122	geckodriver	INFO	Listening on 127.0.0.1:64780
1527578583137	mozrunner::runner	INFO	Running command: "/Applications/Firefox.app/Contents/MacOS/firefox-bin" "-marionette" "--headless" "-profile" "/var/folders/r8/bd5fkqr171n09jzxfkwsknlh0000gn/T/rust_mozprofile.cWFR8TCzJmik"
*** You are running in headless mode.
2018-05-29 09:23:04.385 plugin-container[46868:4567829] *** CFMessagePort: bootstrap_register(): failed 1100 (0x44c) 'Permission denied', port = 0x793f, name = 'com.apple.tsm.portname'
See /usr/include/servers/bootstrap_defs.h for the error codes.
1527578584685	Marionette	INFO	Listening on port 64787
1527578584715	Marionette	WARN	TLS certificate errors will be ignored for this session
2018-05-29 09:23:05.291 plugin-container[46869:4567941] *** CFMessagePort: bootstrap_register(): failed 1100 (0x44c) 'Permission denied', port = 0x853f, name = 'com.apple.tsm.portname'
See /usr/include/servers/bootstrap_defs.h for the error codes.
*** UTM:SVC TimerManager:registerTimer called after profile-before-change notification. Ignoring timer registration for id: telemetry_modules_ping
1527578691086	geckodriver	INFO	geckodriver 0.20.1
1527578691092	geckodriver	INFO	Listening on 127.0.0.1:64888
1527578692108	mozrunner::runner	INFO	Running command: "/Applications/Firefox.app/Contents/MacOS/firefox-bin" "-marionette" "--headless" "-profile" "/var/folders/r8/bd5fkqr171n09jzxfkwsknlh0000gn/T/rust_mozprofile.1Yc9SfAQXgjk"
*** You are running in headless mode.
2018-05-29 09:24:53.397 plugin-container[47260:4579653] *** CFMessagePort: bootstrap_register(): failed 1100 (0x44c) 'Permission denied', port = 0x773f, name = 'com.apple.tsm.portname'
See /usr/include/servers/bootstrap_defs.h for the error codes.
1527578693703	Marionette	INFO	Listening on port 64895
1527578693808	Marionette	WARN	TLS certificate errors will be ignored for this session
2018-05-29 09:24:54.333 plugin-container[47262:4579847] *** CFMessagePort: bootstrap_register(): failed 1100 (0x44c) 'Permission denied', port = 0x8703, name = 'com.apple.tsm.portname'
See /usr/include/servers/bootstrap_defs.h for the error codes.
*** UTM:SVC TimerManager:registerTimer called after profile-before-change notification. Ignoring timer registration for id: telemetry_modules_ping
1527578722043	geckodriver	INFO	geckodriver 0.20.1
1527578722049	geckodriver	INFO	Listening on 127.0.0.1:64958
1527578723061	mozrunner::runner	INFO	Running command: "/Applications/Firefox.app/Contents/MacOS/firefox-bin" "-marionette" "--headless" "-profile" "/var/folders/r8/bd5fkqr171n09jzxfkwsknlh0000gn/T/rust_mozprofile.wG1qmjdjpuEa"
*** You are running in headless mode.
2018-05-29 09:25:24.660 plugin-container[47406:4582892] *** CFMessagePort: bootstrap_register(): failed 1100 (0x44c) 'Permission denied', port = 0x843f, name = 'com.apple.tsm.portname'
See /usr/include/servers/bootstrap_defs.h for the error codes.
1527578725108	Marionette	INFO	Listening on port 64965
1527578725168	Marionette	WARN	TLS certificate errors will be ignored for this session
2018-05-29 09:25:25.655 plugin-container[47411:4583070] *** CFMessagePort: bootstrap_register(): failed 1100 (0x44c) 'Permission denied', port = 0x8543, name = 'com.apple.tsm.portname'
See /usr/include/servers/bootstrap_defs.h for the error codes.
*** UTM:SVC TimerManager:registerTimer called after profile-before-change notification. Ignoring timer registration for id: telemetry_modules_ping
1527578742123	geckodriver	INFO	geckodriver 0.20.1
1527578742129	geckodriver	INFO	Listening on 127.0.0.1:65032
1527578743142	mozrunner::runner	INFO	Running command: "/Applications/Firefox.app/Contents/MacOS/firefox-bin" "-marionette" "--headless" "-profile" "/var/folders/r8/bd5fkqr171n09jzxfkwsknlh0000gn/T/rust_mozprofile.ztkReloTzd4p"
*** You are running in headless mode.
2018-05-29 09:25:44.407 plugin-container[47485:4585381] *** CFMessagePort: bootstrap_register(): failed 1100 (0x44c) 'Permission denied', port = 0x7a3f, name = 'com.apple.tsm.portname'
See /usr/include/servers/bootstrap_defs.h for the error codes.
1527578744764	Marionette	INFO	Listening on port 65039
1527578744829	Marionette	WARN	TLS certificate errors will be ignored for this session
2018-05-29 09:25:45.295 plugin-container[47489:4585509] *** CFMessagePort: bootstrap_register(): failed 1100 (0x44c) 'Permission denied', port = 0x733f, name = 'com.apple.tsm.portname'
See /usr/include/servers/bootstrap_defs.h for the error codes.
1527582886165	geckodriver	INFO	geckodriver 0.20.1
1527582886175	geckodriver	INFO	Listening on 127.0.0.1:50609
1527582887181	mozrunner::runner	INFO	Running command: "/Applications/Firefox.app/Contents/MacOS/firefox-bin" "-marionette" "--headless" "-profile" "/var/folders/r8/bd5fkqr171n09jzxfkwsknlh0000gn/T/rust_mozprofile.v8jPLC6iEd0p"
*** You are running in headless mode.
2018-05-29 10:34:48.544 plugin-container[73963:5033694] *** CFMessagePort: bootstrap_register(): failed 1100 (0x44c) 'Permission denied', port = 0x7f43, name = 'com.apple.tsm.portname'
See /usr/include/servers/bootstrap_defs.h for the error codes.
1527582888873	Marionette	INFO	Listening on port 50616
1527582888965	Marionette	WARN	TLS certificate errors will be ignored for this session
2018-05-29 10:34:49.447 plugin-container[73964:5033873] *** CFMessagePort: bootstrap_register(): failed 1100 (0x44c) 'Permission denied', port = 0x783f, name = 'com.apple.tsm.portname'
See /usr/include/servers/bootstrap_defs.h for the error codes.

###!!! [Child][RunMessage] Error: Channel closing: too late to send/recv, messages will be lost


###!!! [Child][RunMessage] Error: Channel closing: too late to send/recv, messages will be lost


###!!! [Child][RunMessage] Error: Channel closing: too late to send/recv, messages will be lost


###!!! [Child][RunMessage] Error: Channel closing: too late to send/recv, messages will be lost


###!!! [Child][RunMessage] Error: Channel closing: too late to send/recv, messages will be lost


###!!! [Child][RunMessage] Error: Channel closing: too late to send/recv, messages will be lost


###!!! [Child][RunMessage] Error: Channel closing: too late to send/recv, messages will be lost

*** UTM:SVC TimerManager:registerTimer called after profile-before-change notification. Ignoring timer registration for id: telemetry_modules_ping
